<?xml version="1.0" encoding="UTF-8"?>
<TestRun id="8a5f1c22-0b8e-4f1a-9a2a-11119a3f0004" name="App tests, host crashed after four" xmlns="http://microsoft.com/schemas/VisualStudio/TeamTest/2010">
  <ResultSummary outcome="Aborted">
    <Counters total="4" executed="4" passed="4" failed="0" error="0" timeout="0" aborted="0" inconclusive="0" passedButRunAborted="0" notRunnable="0" notExecuted="0" disconnected="0" warning="0" completed="0" inProgress="0" pending="0" />
  </ResultSummary>
  <TestDefinitions>
    <UnitTest name="OpensMainWindow" storage="d:\repos\sample\src\app.tests\bin\debug\net10.0\app.tests.dll" id="44444444-0000-0000-0000-000000000001">
      <TestMethod codeBase="D:\Repos\Sample\src\App.Tests\bin\Debug\net10.0\App.Tests.dll" className="Sample.App.Tests.ShellTests" name="OpensMainWindow" />
    </UnitTest>
  </TestDefinitions>
  <Results>
    <UnitTestResult testName="OpensMainWindow" outcome="Passed" duration="00:00:00.0400000" testId="44444444-0000-0000-0000-000000000001" executionId="54444444-0000-0000-0000-000000000001" />
    <UnitTestResult testName="BindsLedgerToGrid" outcome="Passed" duration="00:00:00.0110000" testId="44444444-0000-0000-0000-000000000002" executionId="54444444-0000-0000-0000-000000000002" />
    <UnitTestResult testName="ShowsErrorBanner" outcome="Passed" duration="00:00:00.0090000" testId="44444444-0000-0000-0000-000000000003" executionId="54444444-0000-0000-0000-000000000003" />
    <UnitTestResult testName="ClosesCleanly" outcome="Passed" duration="00:00:00.0080000" testId="44444444-0000-0000-0000-000000000004" executionId="54444444-0000-0000-0000-000000000004" />
  </Results>
</TestRun>
