<?xml version="1.0" encoding="UTF-8"?>
<TestRun id="8a5f1c22-0b8e-4f1a-9a2a-11119a3f0005" name="abandoned mid-write" xmlns="http://microsoft.com/schemas/VisualStudio/TeamTest/2010">
  <ResultSummary outcome="InProgress">
    <Counters total="0" executed="0" passed="0" failed="0" error="0" timeout="0" aborted="0" inconclusive="0" passedButRunAborted="0" notRunnable="0" notExecuted="0" disconnected="0" warning="0" completed="0" inProgress="0" pending="0" />
  </ResultSummary>
  <Results />
</TestRun>
