<?xml version="1.0" encoding="UTF-8"?>
<TestRun id="8a5f1c22-0b8e-4f1a-9a2a-11119a3f0003" name="Web tests" xmlns="http://microsoft.com/schemas/VisualStudio/TeamTest/2010">
  <ResultSummary outcome="Completed">
    <Counters total="2" executed="2" passed="2" failed="0" error="0" timeout="0" aborted="0" inconclusive="0" passedButRunAborted="0" notRunnable="0" notExecuted="0" disconnected="0" warning="0" completed="0" inProgress="0" pending="0" />
  </ResultSummary>
  <TestDefinitions>
    <UnitTest name="ServesIndex" storage="d:\repos\sample\src\web.tests\bin\debug\net10.0\web.tests.dll" id="33333333-0000-0000-0000-000000000001">
      <TestMethod codeBase="D:\Repos\Sample\src\Web.Tests\bin\Debug\net10.0\Web.Tests.dll" className="Sample.Web.Tests.PageTests" name="ServesIndex" />
    </UnitTest>
  </TestDefinitions>
  <Results>
    <UnitTestResult testName="ServesIndex" outcome="Passed" duration="00:00:00.0200000" testId="33333333-0000-0000-0000-000000000001" executionId="43333333-0000-0000-0000-000000000001" />
    <UnitTestResult testName="RendersLedger" outcome="Passed" duration="00:00:00.0100000" testId="33333333-0000-0000-0000-000000000002" executionId="43333333-0000-0000-0000-000000000002" />
  </Results>
</TestRun>
